[2020-02-17 15:45:28,033] root - INFO - --------------------------------------------------------------------------------Begin etl_loop(). Created start date:2015-01-01
[2020-02-17 15:45:28,039] urllib3.connectionpool - DEBUG - Starting new HTTPS connection (1): api.github.com:443
[2020-02-17 15:45:32,268] urllib3.connectionpool - DEBUG - https://api.github.com:443 "POST /graphql HTTP/1.1" 200 None
[2020-02-17 15:45:32,273] root - INFO - Repository Count: 27
[2020-02-17 15:45:32,273] root - INFO - vars:{
    "maxitems": 100,
    "cursor": "Y3Vyc29yOjI3",
    "search_query": "archived:false mirror:false fork:true stars:1..* created:2015-01-01..2015-01-01 pushed:2020-01-01..*"
}
hasNextPage:False
[2020-02-17 15:45:33,343] root - INFO - Executed SQL query. Affected row(s):-1
[2020-02-17 15:45:33,430] root - INFO - Reached end of gql pagination or exceeded repo count. New created start date:2015-01-02--------------------------------------------------------------------------------
[2020-02-17 15:45:33,433] urllib3.connectionpool - DEBUG - Starting new HTTPS connection (1): api.github.com:443
[2020-02-17 15:45:40,645] urllib3.connectionpool - DEBUG - https://api.github.com:443 "POST /graphql HTTP/1.1" 200 None
[2020-02-17 15:45:40,651] root - INFO - Repository Count: 56
[2020-02-17 15:45:40,651] root - INFO - vars:{
    "maxitems": 100,
    "cursor": "Y3Vyc29yOjU2",
    "search_query": "archived:false mirror:false fork:true stars:1..* created:2015-01-02..2015-01-02 pushed:2020-01-01..*"
}
hasNextPage:False
[2020-02-17 15:45:42,679] root - INFO - Executed SQL query. Affected row(s):-1
[2020-02-17 15:45:42,729] root - INFO - Reached end of gql pagination or exceeded repo count. New created start date:2015-01-03--------------------------------------------------------------------------------
[2020-02-17 15:45:42,731] urllib3.connectionpool - DEBUG - Starting new HTTPS connection (1): api.github.com:443
[2020-02-17 15:45:50,630] urllib3.connectionpool - DEBUG - https://api.github.com:443 "POST /graphql HTTP/1.1" 200 None
[2020-02-17 15:45:50,637] root - INFO - Repository Count: 59
[2020-02-17 15:45:50,638] root - INFO - vars:{
    "maxitems": 100,
    "cursor": "Y3Vyc29yOjU5",
    "search_query": "archived:false mirror:false fork:true stars:1..* created:2015-01-03..2015-01-03 pushed:2020-01-01..*"
}
hasNextPage:False
[2020-02-17 15:45:52,613] root - INFO - Executed SQL query. Affected row(s):-1
[2020-02-17 15:45:52,648] root - INFO - Reached end of gql pagination or exceeded repo count. New created start date:2015-01-04--------------------------------------------------------------------------------
[2020-02-17 15:45:52,651] urllib3.connectionpool - DEBUG - Starting new HTTPS connection (1): api.github.com:443
[2020-02-17 15:46:02,955] urllib3.connectionpool - DEBUG - https://api.github.com:443 "POST /graphql HTTP/1.1" 502 None
[2020-02-17 15:46:02,957] root - ERROR - Error graphql response from endpoint. Check logs.
{
    "data": null,
    "errors": [
        {
            "message": "Something went wrong while executing your query. This may be the result of a timeout, or it could be a GitHub bug. Please include `C9AE:6FF8:2402EA:435CA0:5E4AFB9F` when reporting this issue."
        }
    ]
}
