[2020-02-28 19:42:52,958] INFO - tensor(1.3073, grad_fn=<MseLossBackward>)
[2020-02-28 19:42:52,963] INFO - tensor(0.3087, grad_fn=<MseLossBackward>)
[2020-02-28 19:42:52,967] INFO - tensor(0.2130, grad_fn=<MseLossBackward>)
[2020-02-28 19:42:52,971] INFO - tensor(2.3092, grad_fn=<MseLossBackward>)
[2020-02-28 19:42:52,975] INFO - tensor(0.4422, grad_fn=<MseLossBackward>)
[2020-02-28 19:42:52,979] INFO - tensor(0.0698, grad_fn=<MseLossBackward>)
[2020-02-28 19:42:52,983] INFO - tensor(1.0598, grad_fn=<MseLossBackward>)
[2020-02-28 19:42:52,987] INFO - tensor(1.4627, grad_fn=<MseLossBackward>)
[2020-02-28 19:42:52,991] INFO - tensor(0.2450, grad_fn=<MseLossBackward>)
[2020-02-28 19:42:52,995] INFO - tensor(1.0373, grad_fn=<MseLossBackward>)
[2020-02-28 19:42:52,999] INFO - tensor(1.1821, grad_fn=<MseLossBackward>)
[2020-02-28 19:42:53,003] INFO - tensor(0.8132, grad_fn=<MseLossBackward>)
[2020-02-28 19:42:53,006] INFO - tensor(0.5135, grad_fn=<MseLossBackward>)
[2020-02-28 19:42:53,010] INFO - tensor(0.4236, grad_fn=<MseLossBackward>)
[2020-02-28 19:42:53,014] INFO - tensor(0.4253, grad_fn=<MseLossBackward>)
[2020-02-28 19:42:53,019] INFO - tensor(0.7668, grad_fn=<MseLossBackward>)
[2020-02-28 19:42:53,022] INFO - tensor(0.8356, grad_fn=<MseLossBackward>)
[2020-02-28 19:42:53,026] INFO - tensor(1.5917, grad_fn=<MseLossBackward>)
[2020-02-28 19:42:53,030] INFO - tensor(0.9079, grad_fn=<MseLossBackward>)
[2020-02-28 19:42:53,035] INFO - tensor(0.3288, grad_fn=<MseLossBackward>)
[2020-02-28 19:42:53,039] INFO - tensor(0.8704, grad_fn=<MseLossBackward>)
[2020-02-28 19:42:53,043] INFO - tensor(0.3891, grad_fn=<MseLossBackward>)
[2020-02-28 19:42:53,046] INFO - tensor(1.2598, grad_fn=<MseLossBackward>)
[2020-02-28 19:42:53,050] INFO - tensor(0.7750, grad_fn=<MseLossBackward>)
[2020-02-28 19:42:53,054] INFO - tensor(1.0949, grad_fn=<MseLossBackward>)
[2020-02-28 19:42:53,058] INFO - tensor(0.6301, grad_fn=<MseLossBackward>)
[2020-02-28 19:42:53,062] INFO - tensor(1.2219, grad_fn=<MseLossBackward>)
[2020-02-28 19:42:53,066] INFO - tensor(0.8699, grad_fn=<MseLossBackward>)
[2020-02-28 19:42:53,069] INFO - tensor(1.3190, grad_fn=<MseLossBackward>)
[2020-02-28 19:42:53,073] INFO - tensor(0.9146, grad_fn=<MseLossBackward>)
[2020-02-28 19:42:53,077] INFO - tensor(0.9957, grad_fn=<MseLossBackward>)
[2020-02-28 19:42:53,081] INFO - tensor(0.8912, grad_fn=<MseLossBackward>)
[2020-02-28 19:42:53,084] INFO - tensor(1.2957, grad_fn=<MseLossBackward>)
[2020-02-28 19:42:53,088] INFO - tensor(0.7566, grad_fn=<MseLossBackward>)
[2020-02-28 19:42:53,092] INFO - tensor(0.6996, grad_fn=<MseLossBackward>)
[2020-02-28 19:42:53,096] INFO - tensor(0.6493, grad_fn=<MseLossBackward>)
[2020-02-28 19:42:53,100] INFO - tensor(0.8082, grad_fn=<MseLossBackward>)
[2020-02-28 19:42:53,103] INFO - tensor(0.6688, grad_fn=<MseLossBackward>)
[2020-02-28 19:42:53,107] INFO - tensor(1.0402, grad_fn=<MseLossBackward>)
[2020-02-28 19:42:53,111] INFO - tensor(0.7230, grad_fn=<MseLossBackward>)
[2020-02-28 19:42:53,115] INFO - tensor(0.2580, grad_fn=<MseLossBackward>)
[2020-02-28 19:42:53,119] INFO - tensor(0.2469, grad_fn=<MseLossBackward>)
[2020-02-28 19:42:53,122] INFO - tensor(1.2622, grad_fn=<MseLossBackward>)
[2020-02-28 19:42:53,126] INFO - tensor(0.8749, grad_fn=<MseLossBackward>)
[2020-02-28 19:42:53,130] INFO - tensor(0.7960, grad_fn=<MseLossBackward>)
[2020-02-28 19:42:53,134] INFO - tensor(0.6707, grad_fn=<MseLossBackward>)
[2020-02-28 19:42:53,138] INFO - tensor(0.4627, grad_fn=<MseLossBackward>)
[2020-02-28 19:42:53,142] INFO - tensor(0.8803, grad_fn=<MseLossBackward>)
[2020-02-28 19:42:53,146] INFO - tensor(1.1909, grad_fn=<MseLossBackward>)
[2020-02-28 19:42:53,149] INFO - tensor(0.4833, grad_fn=<MseLossBackward>)
[2020-02-28 19:42:53,153] INFO - tensor(0.3834, grad_fn=<MseLossBackward>)
[2020-02-28 19:42:53,157] INFO - tensor(0.5005, grad_fn=<MseLossBackward>)
[2020-02-28 19:42:53,161] INFO - tensor(0.7101, grad_fn=<MseLossBackward>)
[2020-02-28 19:42:53,164] INFO - tensor(0.2582, grad_fn=<MseLossBackward>)
[2020-02-28 19:42:53,168] INFO - tensor(1.0802, grad_fn=<MseLossBackward>)
[2020-02-28 19:42:53,172] INFO - tensor(0.6523, grad_fn=<MseLossBackward>)
[2020-02-28 19:42:53,176] INFO - tensor(0.7927, grad_fn=<MseLossBackward>)
[2020-02-28 19:42:53,180] INFO - tensor(0.5804, grad_fn=<MseLossBackward>)
[2020-02-28 19:42:53,184] INFO - tensor(0.9619, grad_fn=<MseLossBackward>)
[2020-02-28 19:42:53,188] INFO - tensor(0.2376, grad_fn=<MseLossBackward>)
[2020-02-28 19:42:53,191] INFO - tensor(0.2972, grad_fn=<MseLossBackward>)
[2020-02-28 19:42:53,195] INFO - tensor(0.2490, grad_fn=<MseLossBackward>)
[2020-02-28 19:42:53,199] INFO - tensor(0.9102, grad_fn=<MseLossBackward>)
[2020-02-28 19:42:53,203] INFO - tensor(0.7656, grad_fn=<MseLossBackward>)
[2020-02-28 19:42:53,207] INFO - tensor(0.8239, grad_fn=<MseLossBackward>)
[2020-02-28 19:42:53,211] INFO - tensor(0.4175, grad_fn=<MseLossBackward>)
[2020-02-28 19:42:53,214] INFO - tensor(0.6491, grad_fn=<MseLossBackward>)
[2020-02-28 19:42:53,218] INFO - tensor(0.2199, grad_fn=<MseLossBackward>)
[2020-02-28 19:42:53,222] INFO - tensor(0.4654, grad_fn=<MseLossBackward>)
[2020-02-28 19:42:53,226] INFO - tensor(0.0662, grad_fn=<MseLossBackward>)
[2020-02-28 19:42:53,229] INFO - tensor(0.4368, grad_fn=<MseLossBackward>)
[2020-02-28 19:42:53,233] INFO - tensor(0.0675, grad_fn=<MseLossBackward>)
[2020-02-28 19:42:53,237] INFO - tensor(0.6576, grad_fn=<MseLossBackward>)
[2020-02-28 19:42:53,241] INFO - tensor(0.5881, grad_fn=<MseLossBackward>)
[2020-02-28 19:42:53,244] INFO - tensor(0.4751, grad_fn=<MseLossBackward>)
[2020-02-28 19:42:53,248] INFO - tensor(0.6679, grad_fn=<MseLossBackward>)
[2020-02-28 19:42:53,251] INFO - tensor(0.5891, grad_fn=<MseLossBackward>)
[2020-02-28 19:42:53,255] INFO - tensor(0.2790, grad_fn=<MseLossBackward>)
[2020-02-28 19:42:53,259] INFO - tensor(1.1322, grad_fn=<MseLossBackward>)
[2020-02-28 19:42:53,263] INFO - tensor(0.4759, grad_fn=<MseLossBackward>)
[2020-02-28 19:42:53,266] INFO - tensor(0.3565, grad_fn=<MseLossBackward>)
[2020-02-28 19:42:53,270] INFO - tensor(0.6467, grad_fn=<MseLossBackward>)
[2020-02-28 19:42:53,274] INFO - tensor(0.2859, grad_fn=<MseLossBackward>)
[2020-02-28 19:42:53,278] INFO - tensor(0.5991, grad_fn=<MseLossBackward>)
[2020-02-28 19:42:53,283] INFO - tensor(1.1983, grad_fn=<MseLossBackward>)
[2020-02-28 19:42:53,287] INFO - tensor(0.6821, grad_fn=<MseLossBackward>)
[2020-02-28 19:42:53,291] INFO - tensor(0.3323, grad_fn=<MseLossBackward>)
[2020-02-28 19:42:53,296] INFO - tensor(0.5123, grad_fn=<MseLossBackward>)
[2020-02-28 19:42:53,300] INFO - tensor(0.3118, grad_fn=<MseLossBackward>)
[2020-02-28 19:42:53,304] INFO - tensor(0.5297, grad_fn=<MseLossBackward>)
[2020-02-28 19:42:53,308] INFO - tensor(0.9049, grad_fn=<MseLossBackward>)
[2020-02-28 19:42:53,312] INFO - tensor(0.3102, grad_fn=<MseLossBackward>)
[2020-02-28 19:42:53,317] INFO - tensor(0.3562, grad_fn=<MseLossBackward>)
[2020-02-28 19:42:53,321] INFO - tensor(0.1867, grad_fn=<MseLossBackward>)
[2020-02-28 19:42:53,325] INFO - tensor(0.2974, grad_fn=<MseLossBackward>)
[2020-02-28 19:42:53,329] INFO - tensor(0.4632, grad_fn=<MseLossBackward>)
[2020-02-28 19:42:53,333] INFO - tensor(0.8170, grad_fn=<MseLossBackward>)
[2020-02-28 19:42:53,337] INFO - tensor(0.2500, grad_fn=<MseLossBackward>)
[2020-02-28 19:42:53,341] INFO - tensor(0.7163, grad_fn=<MseLossBackward>)
[2020-02-28 19:42:53,345] INFO - tensor(0.4572, grad_fn=<MseLossBackward>)
[2020-02-28 19:42:53,349] INFO - tensor(0.4311, grad_fn=<MseLossBackward>)
[2020-02-28 19:42:53,353] INFO - tensor(0.2568, grad_fn=<MseLossBackward>)
[2020-02-28 19:42:53,358] INFO - tensor(0.6484, grad_fn=<MseLossBackward>)
[2020-02-28 19:42:53,362] INFO - tensor(1.0139, grad_fn=<MseLossBackward>)
[2020-02-28 19:42:53,366] INFO - tensor(0.2783, grad_fn=<MseLossBackward>)
[2020-02-28 19:42:53,370] INFO - tensor(0.4478, grad_fn=<MseLossBackward>)
[2020-02-28 19:42:53,375] INFO - tensor(0.8680, grad_fn=<MseLossBackward>)
[2020-02-28 19:42:53,381] INFO - tensor(1.5201, grad_fn=<MseLossBackward>)
[2020-02-28 19:42:53,385] INFO - tensor(0.2645, grad_fn=<MseLossBackward>)
[2020-02-28 19:42:53,389] INFO - tensor(0.6176, grad_fn=<MseLossBackward>)
[2020-02-28 19:42:53,394] INFO - tensor(0.0614, grad_fn=<MseLossBackward>)
[2020-02-28 19:42:53,398] INFO - tensor(0.3625, grad_fn=<MseLossBackward>)
[2020-02-28 19:42:53,402] INFO - tensor(0.3798, grad_fn=<MseLossBackward>)
[2020-02-28 19:42:53,406] INFO - tensor(0.3093, grad_fn=<MseLossBackward>)
[2020-02-28 19:42:53,410] INFO - tensor(0.5308, grad_fn=<MseLossBackward>)
[2020-02-28 19:42:53,414] INFO - tensor(0.5036, grad_fn=<MseLossBackward>)
[2020-02-28 19:42:53,418] INFO - tensor(0.5746, grad_fn=<MseLossBackward>)
[2020-02-28 19:42:53,422] INFO - tensor(0.3806, grad_fn=<MseLossBackward>)
[2020-02-28 19:42:53,427] INFO - tensor(0.1126, grad_fn=<MseLossBackward>)
[2020-02-28 19:42:53,431] INFO - tensor(0.3245, grad_fn=<MseLossBackward>)
[2020-02-28 19:42:53,435] INFO - tensor(0.3043, grad_fn=<MseLossBackward>)
[2020-02-28 19:42:53,439] INFO - tensor(0.1803, grad_fn=<MseLossBackward>)
[2020-02-28 19:42:53,443] INFO - tensor(0.2194, grad_fn=<MseLossBackward>)
[2020-02-28 19:42:53,447] INFO - tensor(0.5667, grad_fn=<MseLossBackward>)
[2020-02-28 19:42:53,451] INFO - tensor(0.1371, grad_fn=<MseLossBackward>)
[2020-02-28 19:42:53,455] INFO - tensor(0.5580, grad_fn=<MseLossBackward>)
[2020-02-28 19:42:53,460] INFO - tensor(0.5702, grad_fn=<MseLossBackward>)
[2020-02-28 19:42:53,464] INFO - tensor(0.4339, grad_fn=<MseLossBackward>)
[2020-02-28 19:42:53,468] INFO - tensor(0.2623, grad_fn=<MseLossBackward>)
[2020-02-28 19:42:53,472] INFO - tensor(0.5575, grad_fn=<MseLossBackward>)
[2020-02-28 19:42:53,476] INFO - tensor(0.6161, grad_fn=<MseLossBackward>)
[2020-02-28 19:42:53,482] INFO - tensor(0.2282, grad_fn=<MseLossBackward>)
[2020-02-28 19:42:53,486] INFO - tensor(0.2392, grad_fn=<MseLossBackward>)
[2020-02-28 19:42:53,490] INFO - tensor(0.2140, grad_fn=<MseLossBackward>)
[2020-02-28 19:42:53,494] INFO - tensor(0.4913, grad_fn=<MseLossBackward>)
[2020-02-28 19:42:53,498] INFO - tensor(0.2065, grad_fn=<MseLossBackward>)
[2020-02-28 19:42:53,502] INFO - tensor(0.2464, grad_fn=<MseLossBackward>)
[2020-02-28 19:42:53,507] INFO - tensor(0.2749, grad_fn=<MseLossBackward>)
[2020-02-28 19:42:53,511] INFO - tensor(0.1432, grad_fn=<MseLossBackward>)
[2020-02-28 19:42:53,515] INFO - tensor(0.1477, grad_fn=<MseLossBackward>)
[2020-02-28 19:42:53,519] INFO - tensor(0.6662, grad_fn=<MseLossBackward>)
[2020-02-28 19:42:53,523] INFO - tensor(0.3427, grad_fn=<MseLossBackward>)
[2020-02-28 19:42:53,527] INFO - tensor(0.3885, grad_fn=<MseLossBackward>)
[2020-02-28 19:42:53,531] INFO - tensor(0.0589, grad_fn=<MseLossBackward>)
[2020-02-28 19:42:53,536] INFO - tensor(0.4715, grad_fn=<MseLossBackward>)
[2020-02-28 19:42:53,540] INFO - tensor(0.6779, grad_fn=<MseLossBackward>)
[2020-02-28 19:42:53,544] INFO - tensor(0.1868, grad_fn=<MseLossBackward>)
[2020-02-28 19:42:53,548] INFO - tensor(0.0631, grad_fn=<MseLossBackward>)
[2020-02-28 19:42:53,552] INFO - tensor(0.3207, grad_fn=<MseLossBackward>)
[2020-02-28 19:42:53,557] INFO - tensor(0.1623, grad_fn=<MseLossBackward>)
[2020-02-28 19:42:53,561] INFO - tensor(0.2580, grad_fn=<MseLossBackward>)
[2020-02-28 19:42:53,565] INFO - tensor(0.7640, grad_fn=<MseLossBackward>)
[2020-02-28 19:42:53,569] INFO - tensor(0.3228, grad_fn=<MseLossBackward>)
[2020-02-28 19:42:53,573] INFO - tensor(0.4106, grad_fn=<MseLossBackward>)
[2020-02-28 19:42:53,577] INFO - tensor(0.2867, grad_fn=<MseLossBackward>)
[2020-02-28 19:42:53,581] INFO - tensor(0.1751, grad_fn=<MseLossBackward>)
[2020-02-28 19:42:53,585] INFO - tensor(0.2237, grad_fn=<MseLossBackward>)
[2020-02-28 19:42:53,589] INFO - tensor(0.4023, grad_fn=<MseLossBackward>)
[2020-02-28 19:42:53,593] INFO - tensor(1.3082, grad_fn=<MseLossBackward>)
[2020-02-28 19:42:53,597] INFO - tensor(0.2633, grad_fn=<MseLossBackward>)
[2020-02-28 19:42:53,600] INFO - tensor(0.2710, grad_fn=<MseLossBackward>)
[2020-02-28 19:42:53,604] INFO - tensor(0.1162, grad_fn=<MseLossBackward>)
[2020-02-28 19:42:53,608] INFO - tensor(0.5261, grad_fn=<MseLossBackward>)
[2020-02-28 19:42:53,612] INFO - tensor(0.4185, grad_fn=<MseLossBackward>)
[2020-02-28 19:42:53,616] INFO - tensor(0.1734, grad_fn=<MseLossBackward>)
[2020-02-28 19:42:53,619] INFO - tensor(0.4569, grad_fn=<MseLossBackward>)
[2020-02-28 19:42:53,623] INFO - tensor(0.1810, grad_fn=<MseLossBackward>)
[2020-02-28 19:42:53,627] INFO - tensor(0.2350, grad_fn=<MseLossBackward>)
[2020-02-28 19:42:53,631] INFO - tensor(0.2861, grad_fn=<MseLossBackward>)
[2020-02-28 19:42:53,635] INFO - tensor(0.3209, grad_fn=<MseLossBackward>)
[2020-02-28 19:42:53,639] INFO - tensor(0.3229, grad_fn=<MseLossBackward>)
[2020-02-28 19:42:53,643] INFO - tensor(0.1112, grad_fn=<MseLossBackward>)
[2020-02-28 19:42:53,647] INFO - tensor(0.2692, grad_fn=<MseLossBackward>)
[2020-02-28 19:42:53,651] INFO - tensor(0.2707, grad_fn=<MseLossBackward>)
[2020-02-28 19:42:53,655] INFO - tensor(0.3007, grad_fn=<MseLossBackward>)
[2020-02-28 19:42:53,659] INFO - tensor(0.3373, grad_fn=<MseLossBackward>)
[2020-02-28 19:42:53,663] INFO - tensor(0.3428, grad_fn=<MseLossBackward>)
[2020-02-28 19:42:53,667] INFO - tensor(0.4419, grad_fn=<MseLossBackward>)
[2020-02-28 19:42:53,671] INFO - tensor(0.2177, grad_fn=<MseLossBackward>)
[2020-02-28 19:42:53,675] INFO - tensor(0.3358, grad_fn=<MseLossBackward>)
[2020-02-28 19:42:53,679] INFO - tensor(0.2661, grad_fn=<MseLossBackward>)
[2020-02-28 19:42:53,684] INFO - tensor(0.8551, grad_fn=<MseLossBackward>)
[2020-02-28 19:42:53,688] INFO - tensor(0.3724, grad_fn=<MseLossBackward>)
[2020-02-28 19:42:53,692] INFO - tensor(0.0453, grad_fn=<MseLossBackward>)
[2020-02-28 19:42:53,696] INFO - tensor(0.6120, grad_fn=<MseLossBackward>)
[2020-02-28 19:42:53,700] INFO - tensor(0.0857, grad_fn=<MseLossBackward>)
[2020-02-28 19:42:53,704] INFO - tensor(0.1902, grad_fn=<MseLossBackward>)
[2020-02-28 19:42:53,708] INFO - tensor(0.2854, grad_fn=<MseLossBackward>)
[2020-02-28 19:42:53,712] INFO - tensor(0.1809, grad_fn=<MseLossBackward>)
[2020-02-28 19:42:53,716] INFO - tensor(0.4406, grad_fn=<MseLossBackward>)
[2020-02-28 19:42:53,720] INFO - tensor(0.0465, grad_fn=<MseLossBackward>)
[2020-02-28 19:42:53,724] INFO - tensor(0.2361, grad_fn=<MseLossBackward>)
[2020-02-28 19:42:53,730] INFO - tensor(0.2090, grad_fn=<MseLossBackward>)
[2020-02-28 19:42:53,734] INFO - tensor(0.3027, grad_fn=<MseLossBackward>)
[2020-02-28 19:42:53,738] INFO - tensor(0.4521, grad_fn=<MseLossBackward>)
[2020-02-28 19:42:53,742] INFO - tensor(0.1909, grad_fn=<MseLossBackward>)
[2020-02-28 19:42:53,746] INFO - tensor(0.1303, grad_fn=<MseLossBackward>)
[2020-02-28 19:42:53,750] INFO - tensor(0.3760, grad_fn=<MseLossBackward>)
[2020-02-28 19:42:53,754] INFO - tensor(0.8523, grad_fn=<MseLossBackward>)
[2020-02-28 19:42:53,758] INFO - tensor(0.4706, grad_fn=<MseLossBackward>)
[2020-02-28 19:42:53,763] INFO - tensor(0.1628, grad_fn=<MseLossBackward>)
[2020-02-28 19:42:53,768] INFO - tensor(0.6545, grad_fn=<MseLossBackward>)
[2020-02-28 19:42:53,772] INFO - tensor(0.1204, grad_fn=<MseLossBackward>)
[2020-02-28 19:42:53,776] INFO - tensor(0.3367, grad_fn=<MseLossBackward>)
[2020-02-28 19:42:53,780] INFO - tensor(0.3342, grad_fn=<MseLossBackward>)
[2020-02-28 19:42:53,784] INFO - tensor(0.1502, grad_fn=<MseLossBackward>)
[2020-02-28 19:42:53,788] INFO - tensor(0.1988, grad_fn=<MseLossBackward>)
[2020-02-28 19:42:53,792] INFO - tensor(0.5287, grad_fn=<MseLossBackward>)
[2020-02-28 19:42:53,796] INFO - tensor(0.2807, grad_fn=<MseLossBackward>)
[2020-02-28 19:42:53,800] INFO - tensor(0.0726, grad_fn=<MseLossBackward>)
[2020-02-28 19:42:53,804] INFO - tensor(0.2881, grad_fn=<MseLossBackward>)
[2020-02-28 19:42:53,808] INFO - tensor(0.2885, grad_fn=<MseLossBackward>)
[2020-02-28 19:42:53,812] INFO - tensor(0.3588, grad_fn=<MseLossBackward>)
[2020-02-28 19:42:53,816] INFO - tensor(0.3432, grad_fn=<MseLossBackward>)
[2020-02-28 19:42:53,819] INFO - tensor(0.2723, grad_fn=<MseLossBackward>)
[2020-02-28 19:42:53,823] INFO - tensor(0.3560, grad_fn=<MseLossBackward>)
[2020-02-28 19:42:53,827] INFO - tensor(0.2853, grad_fn=<MseLossBackward>)
[2020-02-28 19:42:53,831] INFO - tensor(0.3070, grad_fn=<MseLossBackward>)
[2020-02-28 19:42:53,836] INFO - tensor(0.5226, grad_fn=<MseLossBackward>)
[2020-02-28 19:42:53,840] INFO - tensor(0.3386, grad_fn=<MseLossBackward>)
[2020-02-28 19:42:53,843] INFO - tensor(0.4975, grad_fn=<MseLossBackward>)
[2020-02-28 19:42:53,847] INFO - tensor(0.8090, grad_fn=<MseLossBackward>)
[2020-02-28 19:42:53,851] INFO - tensor(0.2598, grad_fn=<MseLossBackward>)
[2020-02-28 19:42:53,855] INFO - tensor(0.1948, grad_fn=<MseLossBackward>)
[2020-02-28 19:42:53,860] INFO - tensor(0.1231, grad_fn=<MseLossBackward>)
[2020-02-28 19:42:53,867] INFO - tensor(0.6700, grad_fn=<MseLossBackward>)
[2020-02-28 19:42:53,871] INFO - tensor(0.1328, grad_fn=<MseLossBackward>)
[2020-02-28 19:42:53,875] INFO - tensor(0.3713, grad_fn=<MseLossBackward>)
[2020-02-28 19:42:53,880] INFO - tensor(0.7243, grad_fn=<MseLossBackward>)
[2020-02-28 19:42:53,884] INFO - tensor(0.0931, grad_fn=<MseLossBackward>)
[2020-02-28 19:42:53,888] INFO - tensor(0.5754, grad_fn=<MseLossBackward>)
[2020-02-28 19:42:53,893] INFO - tensor(0.9225, grad_fn=<MseLossBackward>)
[2020-02-28 19:42:53,897] INFO - tensor(0.1313, grad_fn=<MseLossBackward>)
[2020-02-28 19:42:53,901] INFO - tensor(0.2926, grad_fn=<MseLossBackward>)
[2020-02-28 19:42:53,905] INFO - tensor(0.1623, grad_fn=<MseLossBackward>)
[2020-02-28 19:42:53,909] INFO - tensor(0.1861, grad_fn=<MseLossBackward>)
[2020-02-28 19:42:53,913] INFO - tensor(0.1581, grad_fn=<MseLossBackward>)
[2020-02-28 19:42:53,917] INFO - tensor(0.4007, grad_fn=<MseLossBackward>)
[2020-02-28 19:42:53,920] INFO - tensor(0.5458, grad_fn=<MseLossBackward>)
[2020-02-28 19:42:53,924] INFO - tensor(0.1223, grad_fn=<MseLossBackward>)
[2020-02-28 19:42:53,928] INFO - tensor(0.2925, grad_fn=<MseLossBackward>)
[2020-02-28 19:42:53,932] INFO - tensor(0.1248, grad_fn=<MseLossBackward>)
[2020-02-28 19:42:53,936] INFO - tensor(0.1332, grad_fn=<MseLossBackward>)
[2020-02-28 19:42:53,940] INFO - tensor(0.1840, grad_fn=<MseLossBackward>)
[2020-02-28 19:42:53,944] INFO - tensor(0.4808, grad_fn=<MseLossBackward>)
[2020-02-28 19:42:53,948] INFO - tensor(0.1461, grad_fn=<MseLossBackward>)
[2020-02-28 19:42:53,952] INFO - tensor(0.4244, grad_fn=<MseLossBackward>)
[2020-02-28 19:42:53,957] INFO - tensor(0.2793, grad_fn=<MseLossBackward>)
[2020-02-28 19:42:53,962] INFO - tensor(0.1894, grad_fn=<MseLossBackward>)
[2020-02-28 19:42:53,967] INFO - tensor(0.1623, grad_fn=<MseLossBackward>)
[2020-02-28 19:42:53,971] INFO - tensor(0.9197, grad_fn=<MseLossBackward>)
[2020-02-28 19:42:53,974] INFO - tensor(0.5141, grad_fn=<MseLossBackward>)
[2020-02-28 19:42:53,978] INFO - tensor(0.6267, grad_fn=<MseLossBackward>)
[2020-02-28 19:42:53,983] INFO - tensor(0.3735, grad_fn=<MseLossBackward>)
[2020-02-28 19:42:53,988] INFO - tensor(0.2395, grad_fn=<MseLossBackward>)
[2020-02-28 19:42:53,991] INFO - tensor(0.2737, grad_fn=<MseLossBackward>)
[2020-02-28 19:42:54,566] DEBUG - findfont: Matching sans\-serif:style=normal:variant=normal:weight=normal:stretch=normal:size=10.0.
[2020-02-28 19:42:54,567] DEBUG - findfont: score(<Font 'cmtt10' (cmtt10.ttf) normal normal 400 normal>) = 10.05
[2020-02-28 19:42:54,567] DEBUG - findfont: score(<Font 'DejaVu Sans' (DejaVuSans-Oblique.ttf) oblique normal 400 normal>) = 1.05
[2020-02-28 19:42:54,567] DEBUG - findfont: score(<Font 'DejaVu Serif' (DejaVuSerif-BoldItalic.ttf) italic normal bold normal>) = 11.335
[2020-02-28 19:42:54,567] DEBUG - findfont: score(<Font 'STIXGeneral' (STIXGeneralBol.ttf) normal normal bold normal>) = 10.335
[2020-02-28 19:42:54,567] DEBUG - findfont: score(<Font 'DejaVu Sans Mono' (DejaVuSansMono-BoldOblique.ttf) oblique normal bold normal>) = 11.335
[2020-02-28 19:42:54,567] DEBUG - findfont: score(<Font 'cmb10' (cmb10.ttf) normal normal 400 normal>) = 10.05
[2020-02-28 19:42:54,567] DEBUG - findfont: score(<Font 'cmex10' (cmex10.ttf) normal normal 400 normal>) = 10.05
[2020-02-28 19:42:54,567] DEBUG - findfont: score(<Font 'DejaVu Sans Mono' (DejaVuSansMono.ttf) normal normal 400 normal>) = 10.05
[2020-02-28 19:42:54,568] DEBUG - findfont: score(<Font 'DejaVu Sans Mono' (DejaVuSansMono-Oblique.ttf) oblique normal 400 normal>) = 11.05
[2020-02-28 19:42:54,568] DEBUG - findfont: score(<Font 'STIXNonUnicode' (STIXNonUniIta.ttf) italic normal 400 normal>) = 11.05
[2020-02-28 19:42:54,568] DEBUG - findfont: score(<Font 'DejaVu Serif' (DejaVuSerif-Bold.ttf) normal normal bold normal>) = 10.335
[2020-02-28 19:42:54,568] DEBUG - findfont: score(<Font 'STIXSizeThreeSym' (STIXSizThreeSymReg.ttf) normal normal regular normal>) = 10.05
[2020-02-28 19:42:54,568] DEBUG - findfont: score(<Font 'DejaVu Sans' (DejaVuSans-Bold.ttf) normal normal bold normal>) = 0.33499999999999996
[2020-02-28 19:42:54,568] DEBUG - findfont: score(<Font 'DejaVu Sans' (DejaVuSans.ttf) normal normal 400 normal>) = 0.05
[2020-02-28 19:42:54,568] DEBUG - findfont: score(<Font 'STIXNonUnicode' (STIXNonUniBolIta.ttf) italic normal bold normal>) = 11.335
[2020-02-28 19:42:54,568] DEBUG - findfont: score(<Font 'STIXSizeFiveSym' (STIXSizFiveSymReg.ttf) normal normal regular normal>) = 10.05
[2020-02-28 19:42:54,568] DEBUG - findfont: score(<Font 'STIXSizeTwoSym' (STIXSizTwoSymBol.ttf) normal normal bold normal>) = 10.335
[2020-02-28 19:42:54,569] DEBUG - findfont: score(<Font 'DejaVu Serif' (DejaVuSerif.ttf) normal normal 400 normal>) = 10.05
[2020-02-28 19:42:54,569] DEBUG - findfont: score(<Font 'STIXSizeFourSym' (STIXSizFourSymReg.ttf) normal normal regular normal>) = 10.05
[2020-02-28 19:42:54,569] DEBUG - findfont: score(<Font 'DejaVu Serif Display' (DejaVuSerifDisplay.ttf) normal normal 400 normal>) = 10.05
[2020-02-28 19:42:54,569] DEBUG - findfont: score(<Font 'DejaVu Sans Mono' (DejaVuSansMono-Bold.ttf) normal normal bold normal>) = 10.335
[2020-02-28 19:42:54,569] DEBUG - findfont: score(<Font 'STIXSizeTwoSym' (STIXSizTwoSymReg.ttf) normal normal regular normal>) = 10.05
[2020-02-28 19:42:54,569] DEBUG - findfont: score(<Font 'cmr10' (cmr10.ttf) normal normal 400 normal>) = 10.05
[2020-02-28 19:42:54,569] DEBUG - findfont: score(<Font 'DejaVu Sans' (DejaVuSans-BoldOblique.ttf) oblique normal bold normal>) = 1.335
[2020-02-28 19:42:54,569] DEBUG - findfont: score(<Font 'cmss10' (cmss10.ttf) normal normal 400 normal>) = 10.05
[2020-02-28 19:42:54,569] DEBUG - findfont: score(<Font 'cmsy10' (cmsy10.ttf) normal normal 400 normal>) = 10.05
[2020-02-28 19:42:54,569] DEBUG - findfont: score(<Font 'STIXNonUnicode' (STIXNonUniBol.ttf) normal normal bold normal>) = 10.335
[2020-02-28 19:42:54,570] DEBUG - findfont: score(<Font 'STIXSizeThreeSym' (STIXSizThreeSymBol.ttf) normal normal bold normal>) = 10.335
[2020-02-28 19:42:54,570] DEBUG - findfont: score(<Font 'STIXSizeOneSym' (STIXSizOneSymReg.ttf) normal normal regular normal>) = 10.05
[2020-02-28 19:42:54,570] DEBUG - findfont: score(<Font 'DejaVu Serif' (DejaVuSerif-Italic.ttf) italic normal 400 normal>) = 11.05
[2020-02-28 19:42:54,570] DEBUG - findfont: score(<Font 'STIXSizeOneSym' (STIXSizOneSymBol.ttf) normal normal bold normal>) = 10.335
[2020-02-28 19:42:54,570] DEBUG - findfont: score(<Font 'STIXNonUnicode' (STIXNonUni.ttf) normal normal regular normal>) = 10.05
[2020-02-28 19:42:54,570] DEBUG - findfont: score(<Font 'STIXGeneral' (STIXGeneral.ttf) normal normal regular normal>) = 10.05
[2020-02-28 19:42:54,570] DEBUG - findfont: score(<Font 'STIXGeneral' (STIXGeneralItalic.ttf) italic normal 400 normal>) = 11.05
[2020-02-28 19:42:54,570] DEBUG - findfont: score(<Font 'DejaVu Sans Display' (DejaVuSansDisplay.ttf) normal normal 400 normal>) = 10.05
[2020-02-28 19:42:54,571] DEBUG - findfont: score(<Font 'STIXSizeFourSym' (STIXSizFourSymBol.ttf) normal normal bold normal>) = 10.335
[2020-02-28 19:42:54,571] DEBUG - findfont: score(<Font 'cmmi10' (cmmi10.ttf) normal normal 400 normal>) = 10.05
[2020-02-28 19:42:54,571] DEBUG - findfont: score(<Font 'STIXGeneral' (STIXGeneralBolIta.ttf) italic normal bold normal>) = 11.335
[2020-02-28 19:42:54,571] DEBUG - findfont: score(<Font 'Roboto Mono' (RobotoMono-LightItalic.ttf) italic normal light normal>) = 11.24
[2020-02-28 19:42:54,571] DEBUG - findfont: score(<Font 'Roboto Mono' (RobotoMono-MediumItalic.ttf) italic normal medium normal>) = 11.145
[2020-02-28 19:42:54,571] DEBUG - findfont: score(<Font 'Roboto Mono' (RobotoMono-BoldItalic.ttf) italic normal bold normal>) = 11.335
[2020-02-28 19:42:54,571] DEBUG - findfont: score(<Font 'Roboto Mono' (RobotoMono-Regular.ttf) normal normal 400 normal>) = 10.05
[2020-02-28 19:42:54,571] DEBUG - findfont: score(<Font 'Roboto Mono' (RobotoMono-Medium.ttf) normal normal medium normal>) = 10.145
[2020-02-28 19:42:54,571] DEBUG - findfont: score(<Font 'Droid Sans Fallback' (DroidSansFallbackFull.ttf) normal normal 400 normal>) = 10.05
[2020-02-28 19:42:54,571] DEBUG - findfont: score(<Font 'Roboto Mono' (RobotoMono-Thin.ttf) normal normal 400 normal>) = 10.05
[2020-02-28 19:42:54,571] DEBUG - findfont: score(<Font 'Noto Mono' (NotoMono-Regular.ttf) normal normal 400 normal>) = 10.05
[2020-02-28 19:42:54,571] DEBUG - findfont: score(<Font 'Roboto Mono' (RobotoMono-Bold.ttf) normal normal bold normal>) = 10.335
[2020-02-28 19:42:54,572] DEBUG - findfont: score(<Font 'Roboto Mono' (RobotoMono-Italic.ttf) italic normal 400 normal>) = 11.05
[2020-02-28 19:42:54,572] DEBUG - findfont: score(<Font 'PowerlineSymbols' (PowerlineSymbols.otf) normal normal 400 normal>) = 10.05
[2020-02-28 19:42:54,572] DEBUG - findfont: score(<Font 'Roboto Mono' (RobotoMono-ThinItalic.ttf) italic normal 400 normal>) = 11.05
[2020-02-28 19:42:54,572] DEBUG - findfont: score(<Font 'Roboto Mono' (RobotoMono-Light.ttf) normal normal light normal>) = 10.24
[2020-02-28 19:42:54,572] DEBUG - findfont: Matching sans\-serif:style=normal:variant=normal:weight=normal:stretch=normal:size=10.0 to DejaVu Sans ('/home/mgp/Documents/projects/GitStar/venv/lib/python3.6/site-packages/matplotlib-3.2.0rc2+1528.g7d10cb617-py3.6-linux-x86_64.egg/matplotlib/mpl-data/fonts/ttf/DejaVuSans.ttf') with score of 0.050000.
